<?xml version="1.0" encoding="UTF-8"?>
<!-- Generated by org.testng.reporters.JUnitXMLReporter -->
<testsuite ignored="0" hostname="swapnil" failures="1" tests="1" name="Test" time="22.617" errors="0" timestamp="2024-08-23T23:23:18 IST">
  <testcase classname="com.learnAutomation.pages.BaseClass" name="@AfterMethod screenshot" time="0.0">
    <failure type="java.lang.NullPointerException" message="Cannot invoke &amp;quot;org.openqa.selenium.TakesScreenshot.getScreenshotAs(org.openqa.selenium.OutputType)&amp;quot; because &amp;quot;com.learnAutomation.Utility.Helper.d&amp;quot; is null">
      <![CDATA[java.lang.NullPointerException: Cannot invoke "org.openqa.selenium.TakesScreenshot.getScreenshotAs(org.openqa.selenium.OutputType)" because "com.learnAutomation.Utility.Helper.d" is null
at com.learnAutomation.Utility.Helper.captureScreenShot(Helper.java:18)
at com.learnAutomation.pages.BaseClass.screenshot(BaseClass.java:41)
at java.base/java.util.ArrayList.forEach(ArrayList.java:1596)
... Removed 30 stack frames]]>
    </failure>
  </testcase> <!-- @AfterMethod screenshot -->
  <testcase classname="com.learnAutomation.pages.BaseClass" name="@AfterClass teardown" time="-1.72443559813E9">
    <skipped/>
  </testcase> <!-- @AfterClass teardown -->
  <testcase classname="com.learnAutomation.TestCase.LoginTestCRM" name="loginapp" time="10.822">
    <failure type="java.lang.NullPointerException" message="Cannot invoke &amp;quot;org.openqa.selenium.TakesScreenshot.getScreenshotAs(org.openqa.selenium.OutputType)&amp;quot; because &amp;quot;com.learnAutomation.Utility.Helper.d&amp;quot; is null">
      <![CDATA[java.lang.NullPointerException: Cannot invoke "org.openqa.selenium.TakesScreenshot.getScreenshotAs(org.openqa.selenium.OutputType)" because "com.learnAutomation.Utility.Helper.d" is null
at com.learnAutomation.Utility.Helper.captureScreenShot(Helper.java:18)
at com.learnAutomation.TestCase.LoginTestCRM.loginapp(LoginTestCRM.java:15)
at java.base/java.util.ArrayList.forEach(ArrayList.java:1596)
... Removed 25 stack frames]]>
    </failure>
  </testcase> <!-- loginapp -->
</testsuite> <!-- Test -->
