<?xml version="1.0" encoding="UTF-8"?>
<testng-results ignored="0" total="1" passed="1" failed="0" skipped="0">
  <reporter-output>
  </reporter-output>
  <suite started-at="2024-08-24T15:22:58 IST" name="Default suite" finished-at="2024-08-24T15:23:05 IST" duration-ms="6624">
    <groups>
    </groups>
    <test started-at="2024-08-24T15:22:58 IST" name="Default test" finished-at="2024-08-24T15:23:05 IST" duration-ms="6624">
      <class name="com.learnAutomation.TestCase.GoogleTest">
        <test-method is-config="true" signature="setupsuite()[pri:0, instance:com.learnAutomation.TestCase.GoogleTest@41e36e46]" started-at="2024-08-24T15:22:57 IST" name="setupsuite" finished-at="2024-08-24T15:22:58 IST" duration-ms="1118" status="PASS">
          <reporter-output>
          </reporter-output>
        </test-method> <!-- setupsuite -->
        <test-method is-config="true" signature="setup()[pri:0, instance:com.learnAutomation.TestCase.GoogleTest@41e36e46]" started-at="2024-08-24T15:22:58 IST" name="setup" finished-at="2024-08-24T15:23:04 IST" duration-ms="5754" status="PASS">
          <reporter-output>
          </reporter-output>
        </test-method> <!-- setup -->
        <test-method signature="test()[pri:0, instance:com.learnAutomation.TestCase.GoogleTest@41e36e46]" started-at="2024-08-24T15:23:04 IST" name="test" finished-at="2024-08-24T15:23:04 IST" duration-ms="313" status="PASS">
          <reporter-output>
          </reporter-output>
        </test-method> <!-- test -->
        <test-method is-config="true" signature="screenshot(org.testng.ITestResult)[pri:0, instance:com.learnAutomation.TestCase.GoogleTest@41e36e46]" started-at="2024-08-24T15:23:04 IST" name="screenshot" finished-at="2024-08-24T15:23:04 IST" duration-ms="3" status="PASS">
          <params>
            <param index="0">
              <value>
                <![CDATA[[TestResult name=test status=SUCCESS method=GoogleTest.test()[pri:0, instance:com.learnAutomation.TestCase.GoogleTest@41e36e46] output={null}]]]>
              </value>
            </param>
          </params>
          <reporter-output>
          </reporter-output>
        </test-method> <!-- screenshot -->
        <test-method is-config="true" signature="teardown()[pri:0, instance:com.learnAutomation.TestCase.GoogleTest@41e36e46]" started-at="2024-08-24T15:23:04 IST" name="teardown" finished-at="2024-08-24T15:23:05 IST" duration-ms="517" status="PASS">
          <reporter-output>
          </reporter-output>
        </test-method> <!-- teardown -->
        <test-method is-config="true" signature="generateExtentReport()[pri:0, instance:com.learnAutomation.TestCase.GoogleTest@41e36e46]" started-at="2024-08-24T15:23:05 IST" name="generateExtentReport" finished-at="2024-08-24T15:23:05 IST" duration-ms="315" status="PASS">
          <reporter-output>
          </reporter-output>
        </test-method> <!-- generateExtentReport -->
      </class> <!-- com.learnAutomation.TestCase.GoogleTest -->
    </test> <!-- Default test -->
  </suite> <!-- Default suite -->
</testng-results>
